{"numTotalTestSuites":2,"numPassedTestSuites":0,"numFailedTestSuites":2,"numPendingTestSuites":0,"numTotalTests":1,"numPassedTests":0,"numFailedTests":1,"numPendingTests":0,"numTodoTests":0,"snapshot":{"added":0,"failure":false,"filesAdded":0,"filesRemoved":0,"filesRemovedList":[],"filesUnmatched":0,"filesUpdated":0,"matched":0,"total":0,"unchecked":0,"uncheckedKeysByFile":[],"unmatched":0,"updated":0,"didUpdate":false},"startTime":1773684812333,"success":false,"testResults":[{"assertionResults":[{"ancestorTitles":["Property 7: Answer preservation on back-navigation"],"fullName":"Property 7: Answer preservation on back-navigation answers are identical after back + forward navigation for any answer sequence","status":"failed","title":"answers are identical after back + forward navigation for any answer sequence","duration":11499.3511,"failureMessages":["Error: STACK_TRACE_ERROR\n    at task (file:///C:/Users/irene/OneDrive/Escritorio/MoldCheck_2/node_modules/@vitest/runner/dist/index.js:1139:27)\n    at Object.<anonymous> (file:///C:/Users/irene/OneDrive/Escritorio/MoldCheck_2/node_modules/@vitest/runner/dist/index.js:1172:16)\n    at Object.<anonymous> (file:///C:/Users/irene/OneDrive/Escritorio/MoldCheck_2/node_modules/@vitest/runner/dist/index.js:918:28)\n    at chain (file:///C:/Users/irene/OneDrive/Escritorio/MoldCheck_2/node_modules/@vitest/runner/dist/chunk-tasks.js:13:14)\n    at C:/Users/irene/OneDrive/Escritorio/MoldCheck_2/__tests__/features/calculator.property.test.tsx:44:3\n    at file:///C:/Users/irene/OneDrive/Escritorio/MoldCheck_2/node_modules/@vitest/runner/dist/index.js:1244:40\n    at runWithSuite (file:///C:/Users/irene/OneDrive/Escritorio/MoldCheck_2/node_modules/@vitest/runner/dist/index.js:1613:8)\n    at Object.collect (file:///C:/Users/irene/OneDrive/Escritorio/MoldCheck_2/node_modules/@vitest/runner/dist/index.js:1244:10)\n    at Object.collect (file:///C:/Users/irene/OneDrive/Escritorio/MoldCheck_2/node_modules/@vitest/runner/dist/index.js:1248:54)\n    at processTicksAndRejections (node:internal/process/task_queues:103:5)"],"meta":{},"tags":[]}],"startTime":1773684814842,"endTime":1773684826341.351,"status":"failed","message":"","name":"C:/Users/irene/OneDrive/Escritorio/MoldCheck_2/__tests__/features/calculator.property.test.tsx"}]}
